1
0
1
ASSEMBLY
1
COMPOSITE_PLIES-1
COMPOSITE_PLIES
1
COMPOSITE_PLIES-1
14
-2147483646
0
48 1 16 5 0 1 0 -1 -1 1160 1 -1879048189 1 1160 
14
48 1 16 5 0 1 0 -1 -1 1160 1 -1879048189 1 1160 
0
1
COMPOSITE_PLIES-1
14
-2147483646
0
48 1 16 5 0 1 0 -1 -1 520 1 -1879048189 1 520 
14
48 1 16 5 0 1 0 -1 -1 520 1 -1879048189 1 520 
0
0
1
COMPOSITE_PLIES-1
32
PLY-1
0
1
14
-2147483647
48 1 16 5 0 1 0 -1 -1 520 1 -1879048189 1 520 
0
0
SET-MESH-LINE-GROUP1
0
1
80
1 10 11 20 21 30 31 40 41 50 51 60 61 70 71 80 81 90 91 100 101 102 103 104 105 106 107 108 109 110 191 192 193 194 195 196 197 198 199 200 204 208 212 216 220 224 228 232 236 240 244 248 252 256 260 264 268 272 276 280 321 325 329 333 337 341 345 349 353 357 361 365 369 373 377 381 385 389 393 397 
0
0
SET-MESH-LINE-GROUP2_1
0
1
20
1 2 3 4 5 6 7 8 9 10 110 120 130 140 150 160 170 180 190 200 
0
0
SET-MESH-LINE-GROUP2_2
0
1
20
91 92 93 94 95 96 97 98 99 100 101 111 121 131 141 151 161 171 181 191 
0
0
SET-MESH-LINE-GROUP3_1
0
1
16
201 202 203 204 241 242 243 244 277 278 279 280 357 358 359 360 
0
0
SET-MESH-LINE-GROUP3_2
0
1
16
237 238 239 240 321 322 323 324 361 362 363 364 397 398 399 400 
0
0
SET-MESH-LINE-GROUP4_1
0
1
16
281 282 283 284 317 318 319 320 437 438 439 440 517 518 519 520 
0
0
SET-MESH-LINE-GROUP4_2
0
1
16
401 402 403 404 441 442 443 444 477 478 479 480 481 482 483 484 
0
0
SET-MESH-LINE-GROUP5
0
1
80
201 205 209 213 217 221 225 229 233 237 241 245 249 253 257 261 265 269 273 277 281 285 289 293 297 301 305 309 313 317 324 328 332 336 340 344 348 352 356 360 364 368 372 376 380 384 388 392 396 400 404 408 412 416 420 424 428 432 436 440 441 445 449 453 457 461 465 469 473 477 481 485 489 493 497 501 505 509 513 517 
0
0
SET-MESH-LINE-GROUP6
0
1
40
284 288 292 296 300 304 308 312 316 320 401 405 409 413 417 421 425 429 433 437 444 448 452 456 460 464 468 472 476 480 484 488 492 496 500 504 508 512 516 520 
0
0
SET-MESH-LINE-GROUP7
0
1
16
1 10 91 100 101 110 191 200 204 240 244 280 321 357 361 397 
0
0
SET-VOL
0
1
14
-2147483647
48 1 16 5 0 1 0 -1 -1 520 1 -1879048189 1 520 
0
0
SET_X0
0
1
10
10 20 30 40 50 60 70 80 90 100 
0
0
SET_X1
0
1
10
191 192 193 194 195 196 197 198 199 200 
0
0
SET_Y0
0
1
30
91 92 93 94 95 96 97 98 99 100 110 120 130 140 150 160 170 180 190 200 361 365 369 373 377 381 385 389 393 397 
0
0
SET_Y1
0
1
30
1 2 3 4 5 6 7 8 9 10 101 111 121 131 141 151 161 171 181 191 244 248 252 256 260 264 268 272 276 280 
0
0
SET_Z0
0
1
14
-2147483647
48 1 16 5 0 1 0 -1 -1 520 1 -1879048189 1 520 
0
0
SET_Z1
0
1
14
-2147483647
48 1 16 5 0 1 0 -1 -1 520 1 -1879048189 1 520 
0
0
_SURF_X0_S5
0
2
10
10 20 30 40 50 60 70 80 90 100 
0
0
_SURF_X1_S1
0
2
10
191 192 193 194 195 196 197 198 199 200 
0
0
_SURF_Y0_S1
0
2
10
91 92 93 94 95 96 97 98 99 100 
0
0
_SURF_Y0_S4
0
2
10
110 120 130 140 150 160 170 180 190 200 
0
0
_SURF_Y0_S6
0
2
10
361 365 369 373 377 381 385 389 393 397 
0
0
_SURF_Y1_S2
0
2
10
1 2 3 4 5 6 7 8 9 10 
0
0
_SURF_Y1_S4
0
2
10
244 248 252 256 260 264 268 272 276 280 
0
0
_SURF_Y1_S6
0
2
10
101 111 121 131 141 151 161 171 181 191 
0
0
_SURF_Z0_S2
0
2
80
281 282 283 284 285 286 287 288 289 290 291 292 293 294 295 296 297 298 299 300 301 302 303 304 305 306 307 308 309 310 311 312 313 314 315 316 317 318 319 320 401 402 403 404 405 406 407 408 409 410 411 412 413 414 415 416 417 418 419 420 421 422 423 424 425 426 427 428 429 430 431 432 433 434 435 436 437 438 439 440 
0
0
_SURF_Z0_S3
0
2
17
-2147483647
60 1 16 8 0 1 0 -1 -1 260 2 -1879048188 -1879048186 101 180 321 80 
0
0
_SURF_Z0_S4
0
2
180
1 2 3 4 5 6 7 8 9 10 11 12 13 14 15 16 17 18 19 20 21 22 23 24 25 26 27 28 29 30 31 32 33 34 35 36 37 38 39 40 41 42 43 44 45 46 47 48 49 50 51 52 53 54 55 56 57 58 59 60 61 62 63 64 65 66 67 68 69 70 71 72 73 74 75 76 77 78 79 80 81 82 83 84 85 86 87 88 89 90 91 92 93 94 95 96 97 98 99 100 441 442 443 444 445 446 447 448 449 450 451 452 453 454 455 456 457 458 459 460 461 462 463 464 465 466 467 468 469 470 471 472 473 474 475 476 477 478 479 480 481 482 483 484 485 486 487 488 489 490 491 492 493 494 495 496 497 498 499 500 501 502 503 504 505 506 507 508 509 510 511 512 513 514 515 516 517 518 519 520 
0
0
_SURF_Z1_S1
0
2
80
281 282 283 284 285 286 287 288 289 290 291 292 293 294 295 296 297 298 299 300 301 302 303 304 305 306 307 308 309 310 311 312 313 314 315 316 317 318 319 320 401 402 403 404 405 406 407 408 409 410 411 412 413 414 415 416 417 418 419 420 421 422 423 424 425 426 427 428 429 430 431 432 433 434 435 436 437 438 439 440 
0
0
_SURF_Z1_S5
0
2
17
-2147483647
60 1 16 8 0 1 0 -1 -1 260 2 -1879048188 -1879048186 101 180 321 80 
0
0
_SURF_Z1_S6
0
2
180
1 2 3 4 5 6 7 8 9 10 11 12 13 14 15 16 17 18 19 20 21 22 23 24 25 26 27 28 29 30 31 32 33 34 35 36 37 38 39 40 41 42 43 44 45 46 47 48 49 50 51 52 53 54 55 56 57 58 59 60 61 62 63 64 65 66 67 68 69 70 71 72 73 74 75 76 77 78 79 80 81 82 83 84 85 86 87 88 89 90 91 92 93 94 95 96 97 98 99 100 441 442 443 444 445 446 447 448 449 450 451 452 453 454 455 456 457 458 459 460 461 462 463 464 465 466 467 468 469 470 471 472 473 474 475 476 477 478 479 480 481 482 483 484 485 486 487 488 489 490 491 492 493 494 495 496 497 498 499 500 501 502 503 504 505 506 507 508 509 510 511 512 513 514 515 516 517 518 519 520 
0
0
0
0
1
COMPOSITE_PLIES-1
18
PLY-1
0
1
14
-2147483647
48 1 16 5 0 1 0 -1 -1 1160 1 -1879048189 1 1160 
0
0
SET-MESH-LINE-GROUP1
0
1
124
1 2 3 4 5 6 7 8 9 10 11 12 13 14 15 16 53 54 55 56 57 58 59 60 61 62 63 64 65 66 67 68 69 70 71 72 73 74 75 76 77 78 79 80 81 82 83 84 85 86 87 88 89 90 91 92 93 94 95 96 97 98 99 100 101 102 103 104 105 106 107 108 109 110 111 112 113 114 115 116 117 118 119 120 121 122 123 124 485 486 487 488 489 490 491 492 547 548 549 550 551 552 553 554 555 556 557 558 559 560 561 562 563 564 719 720 721 722 723 724 725 726 727 728 
0
0
SET-MESH-LINE-GROUP2_1
0
1
44
1 2 3 4 10 11 13 14 17 18 19 20 21 22 23 24 25 26 27 28 29 30 31 32 33 34 143 144 145 146 147 148 149 150 151 152 153 154 155 156 157 158 159 160 
0
0
SET-MESH-LINE-GROUP2_2
0
1
44
5 6 7 8 9 12 15 16 35 36 37 38 39 40 41 42 43 44 45 46 47 48 49 50 51 52 125 126 127 128 129 130 131 132 133 134 135 136 137 138 139 140 141 142 
0
0
SET-MESH-LINE-GROUP3_1
0
1
20
1 2 9 12 649 650 653 654 665 666 667 668 669 670 695 696 697 698 699 700 
0
0
SET-MESH-LINE-GROUP3_2
0
1
20
5 8 10 11 523 524 525 526 527 528 651 652 659 660 671 672 673 674 675 676 
0
0
SET-MESH-LINE-GROUP4_1
0
1
20
493 494 495 505 506 507 508 509 510 520 521 522 649 650 653 654 655 656 657 658 
0
0
SET-MESH-LINE-GROUP4_2
0
1
20
583 584 585 595 596 597 607 608 609 610 611 612 651 652 659 660 661 662 663 664 
0
0
SET-MESH-LINE-GROUP5
0
1
80
529 530 531 532 533 534 535 536 537 538 539 540 541 542 543 544 545 546 565 566 567 568 569 570 571 572 573 574 575 576 577 578 579 580 581 582 649 650 651 652 653 654 659 660 677 678 679 680 681 682 683 684 685 686 687 688 689 690 691 692 693 694 701 702 703 704 705 706 707 708 709 710 711 712 713 714 715 716 717 718 
0
0
SET-MESH-LINE-GROUP6
0
1
80
496 497 498 499 500 501 502 503 504 511 512 513 514 515 516 517 518 519 586 587 588 589 590 591 592 593 594 598 599 600 601 602 603 604 605 606 613 614 615 616 617 618 619 620 621 622 623 624 625 626 627 628 629 630 631 632 633 634 635 636 637 638 639 640 641 642 643 644 645 646 647 648 655 656 657 658 661 662 663 664 
0
0
SET-MESH-LINE-GROUP7
0
1
16
1 2 3 4 5 6 7 8 9 10 11 12 13 14 15 16 
0
0
SET-VOL
0
1
14
-2147483647
48 1 16 5 0 1 0 -1 -1 1160 1 -1879048189 1 1160 
0
0
SET_X0
0
1
22
3 4 6 7 53 54 55 56 57 58 59 60 61 71 72 73 74 75 76 77 78 79 
0
0
SET_X1
0
1
22
13 14 15 16 107 108 109 110 111 112 113 114 115 116 117 118 119 120 121 122 123 124 
0
0
SET_Y0
0
1
62
5 6 7 8 10 11 13 14 35 36 37 38 39 40 41 42 43 44 45 46 47 48 49 50 51 52 143 144 145 146 147 148 149 150 151 152 153 154 155 156 157 158 159 160 547 548 549 550 551 552 553 554 555 556 557 558 559 560 561 562 563 564 
0
0
SET_Y1
0
1
62
1 2 3 4 9 12 15 16 17 18 19 20 21 22 23 24 25 26 27 28 29 30 31 32 33 34 125 126 127 128 129 130 131 132 133 134 135 136 137 138 139 140 141 142 485 486 487 488 489 490 491 492 719 720 721 722 723 724 725 726 727 728 
0
0
SET_Z0
0
1
51
-2147483647
196 1 16 42 0 1 0 -1 -1 580 1 -1073741821 2 1184 16763291 1022 -32 261632 2143297520 0 0 -65536 -1 -1 -1 -1 262143 0 0 67108856 -16773632 -267912191 -536739841 -1071648768 -475370241 16773120 -4186128 262143 -8192 255 1073741816 -33554432 1048575 -32768 1023 -32 0 -4194304 131071 -4096 127 
0
0
SET_Z1
0
1
49
-2147483647
188 1 16 40 0 1 0 -1 -1 580 2 -1073741820 -1073741810 1 256 -33526583 -2045 63 -523266 8372255 -1 -1 131071 385 768 -524288 -1 -1 -134217713 33547263 535824380 1073479680 2143297534 950740480 -33546242 8372255 -524288 16383 -512 -2147483633 67108863 -2097152 65535 -2048 63 -2 8388607 -262144 8191 
0
0
0
1
COMPOSITE_PLIES-1
6
SURF_X0
0
0
1
S5
10
10 20 30 40 50 60 70 80 90 100 
SURF_X1
0
0
1
S1
10
191 192 193 194 195 196 197 198 199 200 
SURF_Y0
0
0
3
S4
10
110 120 130 140 150 160 170 180 190 200 
S1
10
91 92 93 94 95 96 97 98 99 100 
S6
10
361 365 369 373 377 381 385 389 393 397 
SURF_Y1
0
0
3
S6
10
101 111 121 131 141 151 161 171 181 191 
S4
10
244 248 252 256 260 264 268 272 276 280 
S2
10
1 2 3 4 5 6 7 8 9 10 
SURF_Z0
0
0
3
S3
17
-2147483647
60 1 16 8 0 1 0 -1 -1 260 2 -1879048188 -1879048186 101 180 321 80 
S2
80
281 282 283 284 285 286 287 288 289 290 291 292 293 294 295 296 297 298 299 300 301 302 303 304 305 306 307 308 309 310 311 312 313 314 315 316 317 318 319 320 401 402 403 404 405 406 407 408 409 410 411 412 413 414 415 416 417 418 419 420 421 422 423 424 425 426 427 428 429 430 431 432 433 434 435 436 437 438 439 440 
S4
180
1 2 3 4 5 6 7 8 9 10 11 12 13 14 15 16 17 18 19 20 21 22 23 24 25 26 27 28 29 30 31 32 33 34 35 36 37 38 39 40 41 42 43 44 45 46 47 48 49 50 51 52 53 54 55 56 57 58 59 60 61 62 63 64 65 66 67 68 69 70 71 72 73 74 75 76 77 78 79 80 81 82 83 84 85 86 87 88 89 90 91 92 93 94 95 96 97 98 99 100 441 442 443 444 445 446 447 448 449 450 451 452 453 454 455 456 457 458 459 460 461 462 463 464 465 466 467 468 469 470 471 472 473 474 475 476 477 478 479 480 481 482 483 484 485 486 487 488 489 490 491 492 493 494 495 496 497 498 499 500 501 502 503 504 505 506 507 508 509 510 511 512 513 514 515 516 517 518 519 520 
SURF_Z1
0
0
3
S5
17
-2147483647
60 1 16 8 0 1 0 -1 -1 260 2 -1879048188 -1879048186 101 180 321 80 
S6
180
1 2 3 4 5 6 7 8 9 10 11 12 13 14 15 16 17 18 19 20 21 22 23 24 25 26 27 28 29 30 31 32 33 34 35 36 37 38 39 40 41 42 43 44 45 46 47 48 49 50 51 52 53 54 55 56 57 58 59 60 61 62 63 64 65 66 67 68 69 70 71 72 73 74 75 76 77 78 79 80 81 82 83 84 85 86 87 88 89 90 91 92 93 94 95 96 97 98 99 100 441 442 443 444 445 446 447 448 449 450 451 452 453 454 455 456 457 458 459 460 461 462 463 464 465 466 467 468 469 470 471 472 473 474 475 476 477 478 479 480 481 482 483 484 485 486 487 488 489 490 491 492 493 494 495 496 497 498 499 500 501 502 503 504 505 506 507 508 509 510 511 512 513 514 515 516 517 518 519 520 
S1
80
281 282 283 284 285 286 287 288 289 290 291 292 293 294 295 296 297 298 299 300 301 302 303 304 305 306 307 308 309 310 311 312 313 314 315 316 317 318 319 320 401 402 403 404 405 406 407 408 409 410 411 412 413 414 415 416 417 418 419 420 421 422 423 424 425 426 427 428 429 430 431 432 433 434 435 436 437 438 439 440 
0
