1
0
1
ASSEMBLY
1
PART-1-1
PART-1
1
PART-1-1
8
1 1
2 2
3 3
4 4
5 5
6 6
7 7
8 8
-2147483647
0
1
PART-1-1
2
1 1
2 12
-2147483647
0
0
1
PART-1-1
8
SET-DUMMY
0
1
1
2 
0
0
SET-VOL
0
1
1
1 
0
0
SET_X0
0
1
1
1 
0
0
SET_X1
0
1
1
1 
0
0
SET_Y0
0
1
1
1 
0
0
SET_Y1
0
1
1
1 
0
0
SET_Z0
0
1
1
1 
0
0
SET_Z1
0
1
1
1 
0
0
0
0
1
PART-1-1
7
SET-VOL
0
1
8
1 2 3 4 5 6 7 8 
0
0
SET_X0
0
1
4
5 6 7 8 
0
0
SET_X1
0
1
4
1 2 3 4 
0
0
SET_Y0
0
1
4
2 4 6 8 
0
0
SET_Y1
0
1
4
1 3 5 7 
0
0
SET_Z0
0
1
4
3 4 7 8 
0
0
SET_Z1
0
1
4
1 2 5 6 
0
0
0
0
0
