Analysis initiated from SIMULIA established products
Abaqus JOB Job-C3D8-built-in
Abaqus 2023.HF4
Abaqus License Manager checked out the following licenses:
Abaqus/Standard checked out 5 tokens from Flexnet server lic-abaqus.aalto.fi.
<83 out of 100 licenses remain available>.
Begin Analysis Input File Processor
10/9/2024 7:12:52 PM
Run pre.exe
10/9/2024 7:12:57 PM
End Analysis Input File Processor
Begin Abaqus/Standard Analysis
10/9/2024 7:12:57 PM
Run standard.exe
10/9/2024 7:13:02 PM
End Abaqus/Standard Analysis
Begin SIM Wrap-up
10/9/2024 7:13:04 PM
Run SMASimUtility.exe
10/9/2024 7:13:04 PM
End SIM Wrap-up
Abaqus JOB Job-C3D8-built-in COMPLETED
