1
0
1
ASSEMBLY
1
PART-1-1
PART-1
1
PART-1-1
8
1 1
2 2
3 3
4 4
5 5
6 6
7 7
8 8
-2147483647
0
1
PART-1-1
1
1 1
-2147483647
0
0
1
PART-1-1
13
SET-VOL
0
1
1
1 
0
0
SET_X0
0
1
1
1 
0
0
SET_X1
0
1
1
1 
0
0
SET_Y0
0
1
1
1 
0
0
SET_Y1
0
1
1
1 
0
0
SET_Z0
0
1
1
1 
0
0
SET_Z1
0
1
1
1 
0
0
_SURF_X0_S1
0
2
1
1 
0
0
_SURF_X1_S2
0
2
1
1 
0
0
_SURF_Y0_S4
0
2
1
1 
0
0
_SURF_Y1_S6
0
2
1
1 
0
0
_SURF_Z0_S5
0
2
1
1 
0
0
_SURF_Z1_S3
0
2
1
1 
0
0
0
0
1
PART-1-1
7
SET-VOL
0
1
8
1 2 3 4 5 6 7 8 
0
0
SET_X0
0
1
4
5 6 7 8 
0
0
SET_X1
0
1
4
1 2 3 4 
0
0
SET_Y0
0
1
4
2 4 6 8 
0
0
SET_Y1
0
1
4
1 3 5 7 
0
0
SET_Z0
0
1
4
3 4 7 8 
0
0
SET_Z1
0
1
4
1 2 5 6 
0
0
0
1
PART-1-1
6
SURF_X0
0
0
1
S1
1
1 
SURF_X1
0
0
1
S2
1
1 
SURF_Y0
0
0
1
S4
1
1 
SURF_Y1
0
0
1
S6
1
1 
SURF_Z0
0
0
1
S5
1
1 
SURF_Z1
0
0
1
S3
1
1 
0
